[2022-04-28 19:34:25] local.ERROR: could not find driver (SQL: select * from information_schema.tables where table_schema = app_supreme and table_name = migrations and table_type = 'BASE TABLE') {"exception":"[object] (Illuminate\\Database\\QueryException(code: 0): could not find driver (SQL: select * from information_schema.tables where table_schema = app_supreme and table_name = migrations and table_type = 'BASE TABLE') at /var/www/vhosts/app.supreme.menu/httpdocs/vendor/laravel/framework/src/Illuminate/Database/Connection.php:678)
[stacktrace]
#0 /var/www/vhosts/app.supreme.menu/httpdocs/vendor/laravel/framework/src/Illuminate/Database/Connection.php(638): Illuminate\\Database\\Connection->runQueryCallback()
#1 /var/www/vhosts/app.supreme.menu/httpdocs/vendor/laravel/framework/src/Illuminate/Database/Connection.php(346): Illuminate\\Database\\Connection->run()
#2 /var/www/vhosts/app.supreme.menu/httpdocs/vendor/laravel/framework/src/Illuminate/Database/Schema/MySqlBuilder.php(44): Illuminate\\Database\\Connection->select()
#3 /var/www/vhosts/app.supreme.menu/httpdocs/vendor/laravel/framework/src/Illuminate/Database/Migrations/DatabaseMigrationRepository.php(169): Illuminate\\Database\\Schema\\MySqlBuilder->hasTable()
#4 /var/www/vhosts/app.supreme.menu/httpdocs/vendor/laravel/framework/src/Illuminate/Database/Migrations/Migrator.php(608): Illuminate\\Database\\Migrations\\DatabaseMigrationRepository->repositoryExists()
#5 /var/www/vhosts/app.supreme.menu/httpdocs/vendor/laravel/framework/src/Illuminate/Database/Console/Migrations/MigrateCommand.php(106): Illuminate\\Database\\Migrations\\Migrator->repositoryExists()
#6 /var/www/vhosts/app.supreme.menu/httpdocs/vendor/laravel/framework/src/Illuminate/Database/Console/Migrations/MigrateCommand.php(77): Illuminate\\Database\\Console\\Migrations\\MigrateCommand->prepareDatabase()
#7 /var/www/vhosts/app.supreme.menu/httpdocs/vendor/laravel/framework/src/Illuminate/Database/Migrations/Migrator.php(541): Illuminate\\Database\\Console\\Migrations\\MigrateCommand->Illuminate\\Database\\Console\\Migrations\\{closure}()
#8 /var/www/vhosts/app.supreme.menu/httpdocs/vendor/laravel/framework/src/Illuminate/Database/Console/Migrations/MigrateCommand.php(94): Illuminate\\Database\\Migrations\\Migrator->usingConnection()
#9 /var/www/vhosts/app.supreme.menu/httpdocs/vendor/laravel/framework/src/Illuminate/Container/BoundMethod.php(36): Illuminate\\Database\\Console\\Migrations\\MigrateCommand->handle()
#10 /var/www/vhosts/app.supreme.menu/httpdocs/vendor/laravel/framework/src/Illuminate/Container/Util.php(40): Illuminate\\Container\\BoundMethod::Illuminate\\Container\\{closure}()
#11 /var/www/vhosts/app.supreme.menu/httpdocs/vendor/laravel/framework/src/Illuminate/Container/BoundMethod.php(93): Illuminate\\Container\\Util::unwrapIfClosure()
#12 /var/www/vhosts/app.supreme.menu/httpdocs/vendor/laravel/framework/src/Illuminate/Container/BoundMethod.php(37): Illuminate\\Container\\BoundMethod::callBoundMethod()
#13 /var/www/vhosts/app.supreme.menu/httpdocs/vendor/laravel/framework/src/Illuminate/Container/Container.php(610): Illuminate\\Container\\BoundMethod::call()
#14 /var/www/vhosts/app.supreme.menu/httpdocs/vendor/laravel/framework/src/Illuminate/Console/Command.php(136): Illuminate\\Container\\Container->call()
#15 /var/www/vhosts/app.supreme.menu/httpdocs/vendor/symfony/console/Command/Command.php(256): Illuminate\\Console\\Command->execute()
#16 /var/www/vhosts/app.supreme.menu/httpdocs/vendor/laravel/framework/src/Illuminate/Console/Command.php(121): Symfony\\Component\\Console\\Command\\Command->run()
#17 /var/www/vhosts/app.supreme.menu/httpdocs/vendor/symfony/console/Application.php(971): Illuminate\\Console\\Command->run()
#18 /var/www/vhosts/app.supreme.menu/httpdocs/vendor/symfony/console/Application.php(290): Symfony\\Component\\Console\\Application->doRunCommand()
#19 /var/www/vhosts/app.supreme.menu/httpdocs/vendor/symfony/console/Application.php(166): Symfony\\Component\\Console\\Application->doRun()
#20 /var/www/vhosts/app.supreme.menu/httpdocs/vendor/laravel/framework/src/Illuminate/Console/Application.php(93): Symfony\\Component\\Console\\Application->run()
#21 /var/www/vhosts/app.supreme.menu/httpdocs/vendor/laravel/framework/src/Illuminate/Foundation/Console/Kernel.php(129): Illuminate\\Console\\Application->run()
#22 /var/www/vhosts/app.supreme.menu/httpdocs/artisan(37): Illuminate\\Foundation\\Console\\Kernel->handle()
#23 {main}

[previous exception] [object] (Doctrine\\DBAL\\Driver\\PDO\\Exception(code: 0): could not find driver at /var/www/vhosts/app.supreme.menu/httpdocs/vendor/doctrine/dbal/lib/Doctrine/DBAL/Driver/PDO/Exception.php:18)
[stacktrace]
#0 /var/www/vhosts/app.supreme.menu/httpdocs/vendor/doctrine/dbal/lib/Doctrine/DBAL/Driver/PDOConnection.php(42): Doctrine\\DBAL\\Driver\\PDO\\Exception::new()
#1 /var/www/vhosts/app.supreme.menu/httpdocs/vendor/laravel/framework/src/Illuminate/Database/Connectors/Connector.php(67): Doctrine\\DBAL\\Driver\\PDOConnection->__construct()
#2 /var/www/vhosts/app.supreme.menu/httpdocs/vendor/laravel/framework/src/Illuminate/Database/Connectors/Connector.php(46): Illuminate\\Database\\Connectors\\Connector->createPdoConnection()
#3 /var/www/vhosts/app.supreme.menu/httpdocs/vendor/laravel/framework/src/Illuminate/Database/Connectors/MySqlConnector.php(24): Illuminate\\Database\\Connectors\\Connector->createConnection()
#4 /var/www/vhosts/app.supreme.menu/httpdocs/vendor/laravel/framework/src/Illuminate/Database/Connectors/ConnectionFactory.php(184): Illuminate\\Database\\Connectors\\MySqlConnector->connect()
#5 [internal function]: Illuminate\\Database\\Connectors\\ConnectionFactory->Illuminate\\Database\\Connectors\\{closure}()
#6 /var/www/vhosts/app.supreme.menu/httpdocs/vendor/laravel/framework/src/Illuminate/Database/Connection.php(939): call_user_func()
#7 /var/www/vhosts/app.supreme.menu/httpdocs/vendor/laravel/framework/src/Illuminate/Database/Connection.php(974): Illuminate\\Database\\Connection->getPdo()
#8 /var/www/vhosts/app.supreme.menu/httpdocs/vendor/laravel/framework/src/Illuminate/Database/Connection.php(412): Illuminate\\Database\\Connection->getReadPdo()
#9 /var/www/vhosts/app.supreme.menu/httpdocs/vendor/laravel/framework/src/Illuminate/Database/Connection.php(338): Illuminate\\Database\\Connection->getPdoForSelect()
#10 /var/www/vhosts/app.supreme.menu/httpdocs/vendor/laravel/framework/src/Illuminate/Database/Connection.php(671): Illuminate\\Database\\Connection->Illuminate\\Database\\{closure}()
#11 /var/www/vhosts/app.supreme.menu/httpdocs/vendor/laravel/framework/src/Illuminate/Database/Connection.php(638): Illuminate\\Database\\Connection->runQueryCallback()
#12 /var/www/vhosts/app.supreme.menu/httpdocs/vendor/laravel/framework/src/Illuminate/Database/Connection.php(346): Illuminate\\Database\\Connection->run()
#13 /var/www/vhosts/app.supreme.menu/httpdocs/vendor/laravel/framework/src/Illuminate/Database/Schema/MySqlBuilder.php(44): Illuminate\\Database\\Connection->select()
#14 /var/www/vhosts/app.supreme.menu/httpdocs/vendor/laravel/framework/src/Illuminate/Database/Migrations/DatabaseMigrationRepository.php(169): Illuminate\\Database\\Schema\\MySqlBuilder->hasTable()
#15 /var/www/vhosts/app.supreme.menu/httpdocs/vendor/laravel/framework/src/Illuminate/Database/Migrations/Migrator.php(608): Illuminate\\Database\\Migrations\\DatabaseMigrationRepository->repositoryExists()
#16 /var/www/vhosts/app.supreme.menu/httpdocs/vendor/laravel/framework/src/Illuminate/Database/Console/Migrations/MigrateCommand.php(106): Illuminate\\Database\\Migrations\\Migrator->repositoryExists()
#17 /var/www/vhosts/app.supreme.menu/httpdocs/vendor/laravel/framework/src/Illuminate/Database/Console/Migrations/MigrateCommand.php(77): Illuminate\\Database\\Console\\Migrations\\MigrateCommand->prepareDatabase()
#18 /var/www/vhosts/app.supreme.menu/httpdocs/vendor/laravel/framework/src/Illuminate/Database/Migrations/Migrator.php(541): Illuminate\\Database\\Console\\Migrations\\MigrateCommand->Illuminate\\Database\\Console\\Migrations\\{closure}()
#19 /var/www/vhosts/app.supreme.menu/httpdocs/vendor/laravel/framework/src/Illuminate/Database/Console/Migrations/MigrateCommand.php(94): Illuminate\\Database\\Migrations\\Migrator->usingConnection()
#20 /var/www/vhosts/app.supreme.menu/httpdocs/vendor/laravel/framework/src/Illuminate/Container/BoundMethod.php(36): Illuminate\\Database\\Console\\Migrations\\MigrateCommand->handle()
#21 /var/www/vhosts/app.supreme.menu/httpdocs/vendor/laravel/framework/src/Illuminate/Container/Util.php(40): Illuminate\\Container\\BoundMethod::Illuminate\\Container\\{closure}()
#22 /var/www/vhosts/app.supreme.menu/httpdocs/vendor/laravel/framework/src/Illuminate/Container/BoundMethod.php(93): Illuminate\\Container\\Util::unwrapIfClosure()
#23 /var/www/vhosts/app.supreme.menu/httpdocs/vendor/laravel/framework/src/Illuminate/Container/BoundMethod.php(37): Illuminate\\Container\\BoundMethod::callBoundMethod()
#24 /var/www/vhosts/app.supreme.menu/httpdocs/vendor/laravel/framework/src/Illuminate/Container/Container.php(610): Illuminate\\Container\\BoundMethod::call()
#25 /var/www/vhosts/app.supreme.menu/httpdocs/vendor/laravel/framework/src/Illuminate/Console/Command.php(136): Illuminate\\Container\\Container->call()
#26 /var/www/vhosts/app.supreme.menu/httpdocs/vendor/symfony/console/Command/Command.php(256): Illuminate\\Console\\Command->execute()
#27 /var/www/vhosts/app.supreme.menu/httpdocs/vendor/laravel/framework/src/Illuminate/Console/Command.php(121): Symfony\\Component\\Console\\Command\\Command->run()
#28 /var/www/vhosts/app.supreme.menu/httpdocs/vendor/symfony/console/Application.php(971): Illuminate\\Console\\Command->run()
#29 /var/www/vhosts/app.supreme.menu/httpdocs/vendor/symfony/console/Application.php(290): Symfony\\Component\\Console\\Application->doRunCommand()
#30 /var/www/vhosts/app.supreme.menu/httpdocs/vendor/symfony/console/Application.php(166): Symfony\\Component\\Console\\Application->doRun()
#31 /var/www/vhosts/app.supreme.menu/httpdocs/vendor/laravel/framework/src/Illuminate/Console/Application.php(93): Symfony\\Component\\Console\\Application->run()
#32 /var/www/vhosts/app.supreme.menu/httpdocs/vendor/laravel/framework/src/Illuminate/Foundation/Console/Kernel.php(129): Illuminate\\Console\\Application->run()
#33 /var/www/vhosts/app.supreme.menu/httpdocs/artisan(37): Illuminate\\Foundation\\Console\\Kernel->handle()
#34 {main}

[previous exception] [object] (PDOException(code: 0): could not find driver at /var/www/vhosts/app.supreme.menu/httpdocs/vendor/doctrine/dbal/lib/Doctrine/DBAL/Driver/PDOConnection.php:38)
[stacktrace]
#0 /var/www/vhosts/app.supreme.menu/httpdocs/vendor/doctrine/dbal/lib/Doctrine/DBAL/Driver/PDOConnection.php(38): PDO->__construct()
#1 /var/www/vhosts/app.supreme.menu/httpdocs/vendor/laravel/framework/src/Illuminate/Database/Connectors/Connector.php(67): Doctrine\\DBAL\\Driver\\PDOConnection->__construct()
#2 /var/www/vhosts/app.supreme.menu/httpdocs/vendor/laravel/framework/src/Illuminate/Database/Connectors/Connector.php(46): Illuminate\\Database\\Connectors\\Connector->createPdoConnection()
#3 /var/www/vhosts/app.supreme.menu/httpdocs/vendor/laravel/framework/src/Illuminate/Database/Connectors/MySqlConnector.php(24): Illuminate\\Database\\Connectors\\Connector->createConnection()
#4 /var/www/vhosts/app.supreme.menu/httpdocs/vendor/laravel/framework/src/Illuminate/Database/Connectors/ConnectionFactory.php(184): Illuminate\\Database\\Connectors\\MySqlConnector->connect()
#5 [internal function]: Illuminate\\Database\\Connectors\\ConnectionFactory->Illuminate\\Database\\Connectors\\{closure}()
#6 /var/www/vhosts/app.supreme.menu/httpdocs/vendor/laravel/framework/src/Illuminate/Database/Connection.php(939): call_user_func()
#7 /var/www/vhosts/app.supreme.menu/httpdocs/vendor/laravel/framework/src/Illuminate/Database/Connection.php(974): Illuminate\\Database\\Connection->getPdo()
#8 /var/www/vhosts/app.supreme.menu/httpdocs/vendor/laravel/framework/src/Illuminate/Database/Connection.php(412): Illuminate\\Database\\Connection->getReadPdo()
#9 /var/www/vhosts/app.supreme.menu/httpdocs/vendor/laravel/framework/src/Illuminate/Database/Connection.php(338): Illuminate\\Database\\Connection->getPdoForSelect()
#10 /var/www/vhosts/app.supreme.menu/httpdocs/vendor/laravel/framework/src/Illuminate/Database/Connection.php(671): Illuminate\\Database\\Connection->Illuminate\\Database\\{closure}()
#11 /var/www/vhosts/app.supreme.menu/httpdocs/vendor/laravel/framework/src/Illuminate/Database/Connection.php(638): Illuminate\\Database\\Connection->runQueryCallback()
#12 /var/www/vhosts/app.supreme.menu/httpdocs/vendor/laravel/framework/src/Illuminate/Database/Connection.php(346): Illuminate\\Database\\Connection->run()
#13 /var/www/vhosts/app.supreme.menu/httpdocs/vendor/laravel/framework/src/Illuminate/Database/Schema/MySqlBuilder.php(44): Illuminate\\Database\\Connection->select()
#14 /var/www/vhosts/app.supreme.menu/httpdocs/vendor/laravel/framework/src/Illuminate/Database/Migrations/DatabaseMigrationRepository.php(169): Illuminate\\Database\\Schema\\MySqlBuilder->hasTable()
#15 /var/www/vhosts/app.supreme.menu/httpdocs/vendor/laravel/framework/src/Illuminate/Database/Migrations/Migrator.php(608): Illuminate\\Database\\Migrations\\DatabaseMigrationRepository->repositoryExists()
#16 /var/www/vhosts/app.supreme.menu/httpdocs/vendor/laravel/framework/src/Illuminate/Database/Console/Migrations/MigrateCommand.php(106): Illuminate\\Database\\Migrations\\Migrator->repositoryExists()
#17 /var/www/vhosts/app.supreme.menu/httpdocs/vendor/laravel/framework/src/Illuminate/Database/Console/Migrations/MigrateCommand.php(77): Illuminate\\Database\\Console\\Migrations\\MigrateCommand->prepareDatabase()
#18 /var/www/vhosts/app.supreme.menu/httpdocs/vendor/laravel/framework/src/Illuminate/Database/Migrations/Migrator.php(541): Illuminate\\Database\\Console\\Migrations\\MigrateCommand->Illuminate\\Database\\Console\\Migrations\\{closure}()
#19 /var/www/vhosts/app.supreme.menu/httpdocs/vendor/laravel/framework/src/Illuminate/Database/Console/Migrations/MigrateCommand.php(94): Illuminate\\Database\\Migrations\\Migrator->usingConnection()
#20 /var/www/vhosts/app.supreme.menu/httpdocs/vendor/laravel/framework/src/Illuminate/Container/BoundMethod.php(36): Illuminate\\Database\\Console\\Migrations\\MigrateCommand->handle()
#21 /var/www/vhosts/app.supreme.menu/httpdocs/vendor/laravel/framework/src/Illuminate/Container/Util.php(40): Illuminate\\Container\\BoundMethod::Illuminate\\Container\\{closure}()
#22 /var/www/vhosts/app.supreme.menu/httpdocs/vendor/laravel/framework/src/Illuminate/Container/BoundMethod.php(93): Illuminate\\Container\\Util::unwrapIfClosure()
#23 /var/www/vhosts/app.supreme.menu/httpdocs/vendor/laravel/framework/src/Illuminate/Container/BoundMethod.php(37): Illuminate\\Container\\BoundMethod::callBoundMethod()
#24 /var/www/vhosts/app.supreme.menu/httpdocs/vendor/laravel/framework/src/Illuminate/Container/Container.php(610): Illuminate\\Container\\BoundMethod::call()
#25 /var/www/vhosts/app.supreme.menu/httpdocs/vendor/laravel/framework/src/Illuminate/Console/Command.php(136): Illuminate\\Container\\Container->call()
#26 /var/www/vhosts/app.supreme.menu/httpdocs/vendor/symfony/console/Command/Command.php(256): Illuminate\\Console\\Command->execute()
#27 /var/www/vhosts/app.supreme.menu/httpdocs/vendor/laravel/framework/src/Illuminate/Console/Command.php(121): Symfony\\Component\\Console\\Command\\Command->run()
#28 /var/www/vhosts/app.supreme.menu/httpdocs/vendor/symfony/console/Application.php(971): Illuminate\\Console\\Command->run()
#29 /var/www/vhosts/app.supreme.menu/httpdocs/vendor/symfony/console/Application.php(290): Symfony\\Component\\Console\\Application->doRunCommand()
#30 /var/www/vhosts/app.supreme.menu/httpdocs/vendor/symfony/console/Application.php(166): Symfony\\Component\\Console\\Application->doRun()
#31 /var/www/vhosts/app.supreme.menu/httpdocs/vendor/laravel/framework/src/Illuminate/Console/Application.php(93): Symfony\\Component\\Console\\Application->run()
#32 /var/www/vhosts/app.supreme.menu/httpdocs/vendor/laravel/framework/src/Illuminate/Foundation/Console/Kernel.php(129): Illuminate\\Console\\Application->run()
#33 /var/www/vhosts/app.supreme.menu/httpdocs/artisan(37): Illuminate\\Foundation\\Console\\Kernel->handle()
#34 {main}
"} 
[2022-04-28 19:34:34] local.ERROR: could not find driver (SQL: select * from information_schema.tables where table_schema = app_supreme and table_name = migrations and table_type = 'BASE TABLE') {"exception":"[object] (Illuminate\\Database\\QueryException(code: 0): could not find driver (SQL: select * from information_schema.tables where table_schema = app_supreme and table_name = migrations and table_type = 'BASE TABLE') at /var/www/vhosts/app.supreme.menu/httpdocs/vendor/laravel/framework/src/Illuminate/Database/Connection.php:678)
[stacktrace]
#0 /var/www/vhosts/app.supreme.menu/httpdocs/vendor/laravel/framework/src/Illuminate/Database/Connection.php(638): Illuminate\\Database\\Connection->runQueryCallback()
#1 /var/www/vhosts/app.supreme.menu/httpdocs/vendor/laravel/framework/src/Illuminate/Database/Connection.php(346): Illuminate\\Database\\Connection->run()
#2 /var/www/vhosts/app.supreme.menu/httpdocs/vendor/laravel/framework/src/Illuminate/Database/Schema/MySqlBuilder.php(44): Illuminate\\Database\\Connection->select()
#3 /var/www/vhosts/app.supreme.menu/httpdocs/vendor/laravel/framework/src/Illuminate/Database/Migrations/DatabaseMigrationRepository.php(169): Illuminate\\Database\\Schema\\MySqlBuilder->hasTable()
#4 /var/www/vhosts/app.supreme.menu/httpdocs/vendor/laravel/framework/src/Illuminate/Database/Migrations/Migrator.php(608): Illuminate\\Database\\Migrations\\DatabaseMigrationRepository->repositoryExists()
#5 /var/www/vhosts/app.supreme.menu/httpdocs/vendor/laravel/framework/src/Illuminate/Database/Console/Migrations/MigrateCommand.php(106): Illuminate\\Database\\Migrations\\Migrator->repositoryExists()
#6 /var/www/vhosts/app.supreme.menu/httpdocs/vendor/laravel/framework/src/Illuminate/Database/Console/Migrations/MigrateCommand.php(77): Illuminate\\Database\\Console\\Migrations\\MigrateCommand->prepareDatabase()
#7 /var/www/vhosts/app.supreme.menu/httpdocs/vendor/laravel/framework/src/Illuminate/Database/Migrations/Migrator.php(541): Illuminate\\Database\\Console\\Migrations\\MigrateCommand->Illuminate\\Database\\Console\\Migrations\\{closure}()
#8 /var/www/vhosts/app.supreme.menu/httpdocs/vendor/laravel/framework/src/Illuminate/Database/Console/Migrations/MigrateCommand.php(94): Illuminate\\Database\\Migrations\\Migrator->usingConnection()
#9 /var/www/vhosts/app.supreme.menu/httpdocs/vendor/laravel/framework/src/Illuminate/Container/BoundMethod.php(36): Illuminate\\Database\\Console\\Migrations\\MigrateCommand->handle()
#10 /var/www/vhosts/app.supreme.menu/httpdocs/vendor/laravel/framework/src/Illuminate/Container/Util.php(40): Illuminate\\Container\\BoundMethod::Illuminate\\Container\\{closure}()
#11 /var/www/vhosts/app.supreme.menu/httpdocs/vendor/laravel/framework/src/Illuminate/Container/BoundMethod.php(93): Illuminate\\Container\\Util::unwrapIfClosure()
#12 /var/www/vhosts/app.supreme.menu/httpdocs/vendor/laravel/framework/src/Illuminate/Container/BoundMethod.php(37): Illuminate\\Container\\BoundMethod::callBoundMethod()
#13 /var/www/vhosts/app.supreme.menu/httpdocs/vendor/laravel/framework/src/Illuminate/Container/Container.php(610): Illuminate\\Container\\BoundMethod::call()
#14 /var/www/vhosts/app.supreme.menu/httpdocs/vendor/laravel/framework/src/Illuminate/Console/Command.php(136): Illuminate\\Container\\Container->call()
#15 /var/www/vhosts/app.supreme.menu/httpdocs/vendor/symfony/console/Command/Command.php(256): Illuminate\\Console\\Command->execute()
#16 /var/www/vhosts/app.supreme.menu/httpdocs/vendor/laravel/framework/src/Illuminate/Console/Command.php(121): Symfony\\Component\\Console\\Command\\Command->run()
#17 /var/www/vhosts/app.supreme.menu/httpdocs/vendor/symfony/console/Application.php(971): Illuminate\\Console\\Command->run()
#18 /var/www/vhosts/app.supreme.menu/httpdocs/vendor/symfony/console/Application.php(290): Symfony\\Component\\Console\\Application->doRunCommand()
#19 /var/www/vhosts/app.supreme.menu/httpdocs/vendor/symfony/console/Application.php(166): Symfony\\Component\\Console\\Application->doRun()
#20 /var/www/vhosts/app.supreme.menu/httpdocs/vendor/laravel/framework/src/Illuminate/Console/Application.php(93): Symfony\\Component\\Console\\Application->run()
#21 /var/www/vhosts/app.supreme.menu/httpdocs/vendor/laravel/framework/src/Illuminate/Foundation/Console/Kernel.php(129): Illuminate\\Console\\Application->run()
#22 /var/www/vhosts/app.supreme.menu/httpdocs/artisan(37): Illuminate\\Foundation\\Console\\Kernel->handle()
#23 {main}

[previous exception] [object] (Doctrine\\DBAL\\Driver\\PDO\\Exception(code: 0): could not find driver at /var/www/vhosts/app.supreme.menu/httpdocs/vendor/doctrine/dbal/lib/Doctrine/DBAL/Driver/PDO/Exception.php:18)
[stacktrace]
#0 /var/www/vhosts/app.supreme.menu/httpdocs/vendor/doctrine/dbal/lib/Doctrine/DBAL/Driver/PDOConnection.php(42): Doctrine\\DBAL\\Driver\\PDO\\Exception::new()
#1 /var/www/vhosts/app.supreme.menu/httpdocs/vendor/laravel/framework/src/Illuminate/Database/Connectors/Connector.php(67): Doctrine\\DBAL\\Driver\\PDOConnection->__construct()
#2 /var/www/vhosts/app.supreme.menu/httpdocs/vendor/laravel/framework/src/Illuminate/Database/Connectors/Connector.php(46): Illuminate\\Database\\Connectors\\Connector->createPdoConnection()
#3 /var/www/vhosts/app.supreme.menu/httpdocs/vendor/laravel/framework/src/Illuminate/Database/Connectors/MySqlConnector.php(24): Illuminate\\Database\\Connectors\\Connector->createConnection()
#4 /var/www/vhosts/app.supreme.menu/httpdocs/vendor/laravel/framework/src/Illuminate/Database/Connectors/ConnectionFactory.php(184): Illuminate\\Database\\Connectors\\MySqlConnector->connect()
#5 [internal function]: Illuminate\\Database\\Connectors\\ConnectionFactory->Illuminate\\Database\\Connectors\\{closure}()
#6 /var/www/vhosts/app.supreme.menu/httpdocs/vendor/laravel/framework/src/Illuminate/Database/Connection.php(939): call_user_func()
#7 /var/www/vhosts/app.supreme.menu/httpdocs/vendor/laravel/framework/src/Illuminate/Database/Connection.php(974): Illuminate\\Database\\Connection->getPdo()
#8 /var/www/vhosts/app.supreme.menu/httpdocs/vendor/laravel/framework/src/Illuminate/Database/Connection.php(412): Illuminate\\Database\\Connection->getReadPdo()
#9 /var/www/vhosts/app.supreme.menu/httpdocs/vendor/laravel/framework/src/Illuminate/Database/Connection.php(338): Illuminate\\Database\\Connection->getPdoForSelect()
#10 /var/www/vhosts/app.supreme.menu/httpdocs/vendor/laravel/framework/src/Illuminate/Database/Connection.php(671): Illuminate\\Database\\Connection->Illuminate\\Database\\{closure}()
#11 /var/www/vhosts/app.supreme.menu/httpdocs/vendor/laravel/framework/src/Illuminate/Database/Connection.php(638): Illuminate\\Database\\Connection->runQueryCallback()
#12 /var/www/vhosts/app.supreme.menu/httpdocs/vendor/laravel/framework/src/Illuminate/Database/Connection.php(346): Illuminate\\Database\\Connection->run()
#13 /var/www/vhosts/app.supreme.menu/httpdocs/vendor/laravel/framework/src/Illuminate/Database/Schema/MySqlBuilder.php(44): Illuminate\\Database\\Connection->select()
#14 /var/www/vhosts/app.supreme.menu/httpdocs/vendor/laravel/framework/src/Illuminate/Database/Migrations/DatabaseMigrationRepository.php(169): Illuminate\\Database\\Schema\\MySqlBuilder->hasTable()
#15 /var/www/vhosts/app.supreme.menu/httpdocs/vendor/laravel/framework/src/Illuminate/Database/Migrations/Migrator.php(608): Illuminate\\Database\\Migrations\\DatabaseMigrationRepository->repositoryExists()
#16 /var/www/vhosts/app.supreme.menu/httpdocs/vendor/laravel/framework/src/Illuminate/Database/Console/Migrations/MigrateCommand.php(106): Illuminate\\Database\\Migrations\\Migrator->repositoryExists()
#17 /var/www/vhosts/app.supreme.menu/httpdocs/vendor/laravel/framework/src/Illuminate/Database/Console/Migrations/MigrateCommand.php(77): Illuminate\\Database\\Console\\Migrations\\MigrateCommand->prepareDatabase()
#18 /var/www/vhosts/app.supreme.menu/httpdocs/vendor/laravel/framework/src/Illuminate/Database/Migrations/Migrator.php(541): Illuminate\\Database\\Console\\Migrations\\MigrateCommand->Illuminate\\Database\\Console\\Migrations\\{closure}()
#19 /var/www/vhosts/app.supreme.menu/httpdocs/vendor/laravel/framework/src/Illuminate/Database/Console/Migrations/MigrateCommand.php(94): Illuminate\\Database\\Migrations\\Migrator->usingConnection()
#20 /var/www/vhosts/app.supreme.menu/httpdocs/vendor/laravel/framework/src/Illuminate/Container/BoundMethod.php(36): Illuminate\\Database\\Console\\Migrations\\MigrateCommand->handle()
#21 /var/www/vhosts/app.supreme.menu/httpdocs/vendor/laravel/framework/src/Illuminate/Container/Util.php(40): Illuminate\\Container\\BoundMethod::Illuminate\\Container\\{closure}()
#22 /var/www/vhosts/app.supreme.menu/httpdocs/vendor/laravel/framework/src/Illuminate/Container/BoundMethod.php(93): Illuminate\\Container\\Util::unwrapIfClosure()
#23 /var/www/vhosts/app.supreme.menu/httpdocs/vendor/laravel/framework/src/Illuminate/Container/BoundMethod.php(37): Illuminate\\Container\\BoundMethod::callBoundMethod()
#24 /var/www/vhosts/app.supreme.menu/httpdocs/vendor/laravel/framework/src/Illuminate/Container/Container.php(610): Illuminate\\Container\\BoundMethod::call()
#25 /var/www/vhosts/app.supreme.menu/httpdocs/vendor/laravel/framework/src/Illuminate/Console/Command.php(136): Illuminate\\Container\\Container->call()
#26 /var/www/vhosts/app.supreme.menu/httpdocs/vendor/symfony/console/Command/Command.php(256): Illuminate\\Console\\Command->execute()
#27 /var/www/vhosts/app.supreme.menu/httpdocs/vendor/laravel/framework/src/Illuminate/Console/Command.php(121): Symfony\\Component\\Console\\Command\\Command->run()
#28 /var/www/vhosts/app.supreme.menu/httpdocs/vendor/symfony/console/Application.php(971): Illuminate\\Console\\Command->run()
#29 /var/www/vhosts/app.supreme.menu/httpdocs/vendor/symfony/console/Application.php(290): Symfony\\Component\\Console\\Application->doRunCommand()
#30 /var/www/vhosts/app.supreme.menu/httpdocs/vendor/symfony/console/Application.php(166): Symfony\\Component\\Console\\Application->doRun()
#31 /var/www/vhosts/app.supreme.menu/httpdocs/vendor/laravel/framework/src/Illuminate/Console/Application.php(93): Symfony\\Component\\Console\\Application->run()
#32 /var/www/vhosts/app.supreme.menu/httpdocs/vendor/laravel/framework/src/Illuminate/Foundation/Console/Kernel.php(129): Illuminate\\Console\\Application->run()
#33 /var/www/vhosts/app.supreme.menu/httpdocs/artisan(37): Illuminate\\Foundation\\Console\\Kernel->handle()
#34 {main}

[previous exception] [object] (PDOException(code: 0): could not find driver at /var/www/vhosts/app.supreme.menu/httpdocs/vendor/doctrine/dbal/lib/Doctrine/DBAL/Driver/PDOConnection.php:38)
[stacktrace]
#0 /var/www/vhosts/app.supreme.menu/httpdocs/vendor/doctrine/dbal/lib/Doctrine/DBAL/Driver/PDOConnection.php(38): PDO->__construct()
#1 /var/www/vhosts/app.supreme.menu/httpdocs/vendor/laravel/framework/src/Illuminate/Database/Connectors/Connector.php(67): Doctrine\\DBAL\\Driver\\PDOConnection->__construct()
#2 /var/www/vhosts/app.supreme.menu/httpdocs/vendor/laravel/framework/src/Illuminate/Database/Connectors/Connector.php(46): Illuminate\\Database\\Connectors\\Connector->createPdoConnection()
#3 /var/www/vhosts/app.supreme.menu/httpdocs/vendor/laravel/framework/src/Illuminate/Database/Connectors/MySqlConnector.php(24): Illuminate\\Database\\Connectors\\Connector->createConnection()
#4 /var/www/vhosts/app.supreme.menu/httpdocs/vendor/laravel/framework/src/Illuminate/Database/Connectors/ConnectionFactory.php(184): Illuminate\\Database\\Connectors\\MySqlConnector->connect()
#5 [internal function]: Illuminate\\Database\\Connectors\\ConnectionFactory->Illuminate\\Database\\Connectors\\{closure}()
#6 /var/www/vhosts/app.supreme.menu/httpdocs/vendor/laravel/framework/src/Illuminate/Database/Connection.php(939): call_user_func()
#7 /var/www/vhosts/app.supreme.menu/httpdocs/vendor/laravel/framework/src/Illuminate/Database/Connection.php(974): Illuminate\\Database\\Connection->getPdo()
#8 /var/www/vhosts/app.supreme.menu/httpdocs/vendor/laravel/framework/src/Illuminate/Database/Connection.php(412): Illuminate\\Database\\Connection->getReadPdo()
#9 /var/www/vhosts/app.supreme.menu/httpdocs/vendor/laravel/framework/src/Illuminate/Database/Connection.php(338): Illuminate\\Database\\Connection->getPdoForSelect()
#10 /var/www/vhosts/app.supreme.menu/httpdocs/vendor/laravel/framework/src/Illuminate/Database/Connection.php(671): Illuminate\\Database\\Connection->Illuminate\\Database\\{closure}()
#11 /var/www/vhosts/app.supreme.menu/httpdocs/vendor/laravel/framework/src/Illuminate/Database/Connection.php(638): Illuminate\\Database\\Connection->runQueryCallback()
#12 /var/www/vhosts/app.supreme.menu/httpdocs/vendor/laravel/framework/src/Illuminate/Database/Connection.php(346): Illuminate\\Database\\Connection->run()
#13 /var/www/vhosts/app.supreme.menu/httpdocs/vendor/laravel/framework/src/Illuminate/Database/Schema/MySqlBuilder.php(44): Illuminate\\Database\\Connection->select()
#14 /var/www/vhosts/app.supreme.menu/httpdocs/vendor/laravel/framework/src/Illuminate/Database/Migrations/DatabaseMigrationRepository.php(169): Illuminate\\Database\\Schema\\MySqlBuilder->hasTable()
#15 /var/www/vhosts/app.supreme.menu/httpdocs/vendor/laravel/framework/src/Illuminate/Database/Migrations/Migrator.php(608): Illuminate\\Database\\Migrations\\DatabaseMigrationRepository->repositoryExists()
#16 /var/www/vhosts/app.supreme.menu/httpdocs/vendor/laravel/framework/src/Illuminate/Database/Console/Migrations/MigrateCommand.php(106): Illuminate\\Database\\Migrations\\Migrator->repositoryExists()
#17 /var/www/vhosts/app.supreme.menu/httpdocs/vendor/laravel/framework/src/Illuminate/Database/Console/Migrations/MigrateCommand.php(77): Illuminate\\Database\\Console\\Migrations\\MigrateCommand->prepareDatabase()
#18 /var/www/vhosts/app.supreme.menu/httpdocs/vendor/laravel/framework/src/Illuminate/Database/Migrations/Migrator.php(541): Illuminate\\Database\\Console\\Migrations\\MigrateCommand->Illuminate\\Database\\Console\\Migrations\\{closure}()
#19 /var/www/vhosts/app.supreme.menu/httpdocs/vendor/laravel/framework/src/Illuminate/Database/Console/Migrations/MigrateCommand.php(94): Illuminate\\Database\\Migrations\\Migrator->usingConnection()
#20 /var/www/vhosts/app.supreme.menu/httpdocs/vendor/laravel/framework/src/Illuminate/Container/BoundMethod.php(36): Illuminate\\Database\\Console\\Migrations\\MigrateCommand->handle()
#21 /var/www/vhosts/app.supreme.menu/httpdocs/vendor/laravel/framework/src/Illuminate/Container/Util.php(40): Illuminate\\Container\\BoundMethod::Illuminate\\Container\\{closure}()
#22 /var/www/vhosts/app.supreme.menu/httpdocs/vendor/laravel/framework/src/Illuminate/Container/BoundMethod.php(93): Illuminate\\Container\\Util::unwrapIfClosure()
#23 /var/www/vhosts/app.supreme.menu/httpdocs/vendor/laravel/framework/src/Illuminate/Container/BoundMethod.php(37): Illuminate\\Container\\BoundMethod::callBoundMethod()
#24 /var/www/vhosts/app.supreme.menu/httpdocs/vendor/laravel/framework/src/Illuminate/Container/Container.php(610): Illuminate\\Container\\BoundMethod::call()
#25 /var/www/vhosts/app.supreme.menu/httpdocs/vendor/laravel/framework/src/Illuminate/Console/Command.php(136): Illuminate\\Container\\Container->call()
#26 /var/www/vhosts/app.supreme.menu/httpdocs/vendor/symfony/console/Command/Command.php(256): Illuminate\\Console\\Command->execute()
#27 /var/www/vhosts/app.supreme.menu/httpdocs/vendor/laravel/framework/src/Illuminate/Console/Command.php(121): Symfony\\Component\\Console\\Command\\Command->run()
#28 /var/www/vhosts/app.supreme.menu/httpdocs/vendor/symfony/console/Application.php(971): Illuminate\\Console\\Command->run()
#29 /var/www/vhosts/app.supreme.menu/httpdocs/vendor/symfony/console/Application.php(290): Symfony\\Component\\Console\\Application->doRunCommand()
#30 /var/www/vhosts/app.supreme.menu/httpdocs/vendor/symfony/console/Application.php(166): Symfony\\Component\\Console\\Application->doRun()
#31 /var/www/vhosts/app.supreme.menu/httpdocs/vendor/laravel/framework/src/Illuminate/Console/Application.php(93): Symfony\\Component\\Console\\Application->run()
#32 /var/www/vhosts/app.supreme.menu/httpdocs/vendor/laravel/framework/src/Illuminate/Foundation/Console/Kernel.php(129): Illuminate\\Console\\Application->run()
#33 /var/www/vhosts/app.supreme.menu/httpdocs/artisan(37): Illuminate\\Foundation\\Console\\Kernel->handle()
#34 {main}
"} 
